{
  "stats": {
    "suites": 1,
    "tests": 2,
    "passes": 2,
    "pending": 0,
    "failures": 0,
    "start": "2026-06-21T17:14:06.376Z",
    "end": "2026-06-21T17:14:16.044Z",
    "duration": 9668,
    "testsRegistered": 2,
    "passPercent": 100,
    "pendingPercent": 0,
    "other": 0,
    "hasOther": false,
    "skipped": 0,
    "hasSkipped": false
  },
  "results": [
    {
      "uuid": "18d05089-a595-421d-98a3-f15874d10471",
      "title": "",
      "fullFile": "D:\\KAHF\\BOOTCAMP QA\\session10\\tests\\sauce-test.js",
      "file": "\\tests\\sauce-test.js",
      "beforeHooks": [],
      "afterHooks": [],
      "tests": [],
      "suites": [
        {
          "uuid": "d7773bed-dc4f-4b0c-9adf-c9620bc2e32d",
          "title": "SauceDemo Automation Task",
          "fullFile": "D:\\KAHF\\BOOTCAMP QA\\session10\\tests\\sauce-test.js",
          "file": "\\tests\\sauce-test.js",
          "beforeHooks": [
            {
              "title": "\"before each\" hook in \"SauceDemo Automation Task\"",
              "fullTitle": "SauceDemo Automation Task \"before each\" hook in \"SauceDemo Automation Task\"",
              "timedOut": false,
              "duration": 3667,
              "state": null,
              "speed": null,
              "pass": false,
              "fail": false,
              "pending": false,
              "context": null,
              "code": "driver = await new Builder().forBrowser('firefox').build();\nawait driver.manage().window().maximize();\nawait driver.get('https://www.saucedemo.com/');",
              "err": {},
              "uuid": "09549b99-6107-454e-8490-4a65f0726469",
              "parentUUID": "d7773bed-dc4f-4b0c-9adf-c9620bc2e32d",
              "isHook": true,
              "skipped": false
            }
          ],
          "afterHooks": [
            {
              "title": "\"after each\" hook in \"SauceDemo Automation Task\"",
              "fullTitle": "SauceDemo Automation Task \"after each\" hook in \"SauceDemo Automation Task\"",
              "timedOut": false,
              "duration": 659,
              "state": null,
              "speed": null,
              "pass": false,
              "fail": false,
              "pending": false,
              "context": null,
              "code": "if (driver) {\n    await driver.quit();\n}",
              "err": {},
              "uuid": "406b2015-c01b-4208-9a18-9d914ed1c43e",
              "parentUUID": "d7773bed-dc4f-4b0c-9adf-c9620bc2e32d",
              "isHook": true,
              "skipped": false
            }
          ],
          "tests": [
            {
              "title": "Sukses Login ke SauceDemo",
              "fullTitle": "SauceDemo Automation Task Sukses Login ke SauceDemo",
              "timedOut": false,
              "duration": 288,
              "state": "passed",
              "speed": "slow",
              "pass": true,
              "fail": false,
              "pending": false,
              "context": null,
              "code": "await loginSuccessfully();\nlet title = await driver.getTitle();\nassert.strictEqual(title, 'Swag Labs');\nlet productsTitle = await driver.findElement(By.className('title'));\nlet isTitleDisplayed = await productsTitle.isDisplayed();\nassert.strictEqual(isTitleDisplayed, true);\nlet inventoryContainer = await driver.findElement(By.id('inventory_container'));\nlet isInventoryDisplayed = await inventoryContainer.isDisplayed();\nassert.strictEqual(isInventoryDisplayed, true);",
              "err": {},
              "uuid": "19e72b11-a93d-4640-b2b1-78d5bb4b44fb",
              "parentUUID": "d7773bed-dc4f-4b0c-9adf-c9620bc2e32d",
              "isHook": false,
              "skipped": false
            },
            {
              "title": "Urutkan Produk dari A-Z",
              "fullTitle": "SauceDemo Automation Task Urutkan Produk dari A-Z",
              "timedOut": false,
              "duration": 372,
              "state": "passed",
              "speed": "slow",
              "pass": true,
              "fail": false,
              "pending": false,
              "context": null,
              "code": "await loginSuccessfully();\nlet sortDropdown = await driver.findElement(By.className('product_sort_container'));\nawait sortDropdown.click();\nlet optionAZ = await driver.findElement(By.css('option[value=\"az\"]'));\nawait optionAZ.click();\nawait driver.wait(until.elementLocated(By.className('inventory_item_name')), 10000);\nlet firstProduct = await driver.findElement(By.className('inventory_item_name'));\nlet isFirstProductDisplayed = await firstProduct.isDisplayed();\nassert.strictEqual(isFirstProductDisplayed, true);\nlet productName = await firstProduct.getText();\nassert.strictEqual(productName, 'Sauce Labs Backpack');",
              "err": {},
              "uuid": "87cf15fa-f100-4c6b-bb8f-493ea242eb7d",
              "parentUUID": "d7773bed-dc4f-4b0c-9adf-c9620bc2e32d",
              "isHook": false,
              "skipped": false
            }
          ],
          "suites": [],
          "passes": [
            "19e72b11-a93d-4640-b2b1-78d5bb4b44fb",
            "87cf15fa-f100-4c6b-bb8f-493ea242eb7d"
          ],
          "failures": [],
          "pending": [],
          "skipped": [],
          "duration": 660,
          "root": false,
          "rootEmpty": false,
          "_timeout": 60000
        }
      ],
      "passes": [],
      "failures": [],
      "pending": [],
      "skipped": [],
      "duration": 0,
      "root": true,
      "rootEmpty": true,
      "_timeout": 60000
    }
  ],
  "meta": {
    "mocha": {
      "version": "11.7.6"
    },
    "mochawesome": {
      "options": {
        "quiet": false,
        "reportFilename": "mochawesome",
        "saveHtml": true,
        "saveJson": true,
        "consoleReporter": "spec",
        "useInlineDiffs": false,
        "code": true
      },
      "version": "7.1.4"
    },
    "marge": {
      "options": null,
      "version": "6.3.2"
    }
  }
}